2025-05-18 12:07:28 - PHP Unknown:  Required parameter $store_id follows optional parameter $product_ids in D:\OSPanel\domains\Diplom\admin\model\extension\advertise\google.php on line 341
2025-05-18 12:07:28 - PHP Unknown:  Required parameter $store_id follows optional parameter $data in D:\OSPanel\domains\Diplom\admin\model\extension\advertise\google.php on line 413
2025-05-18 12:07:28 - PHP Warning:  googleshopping\Googleshopping::integer(): Argument #1 ($product_id) must be passed by reference, value given in D:\OSPanel\domains\Diplom\system\library\googleshopping\googleshopping.php on line 583
2025-05-18 12:07:28 - PHP Warning:  googleshopping\Googleshopping::integer(): Argument #1 ($product_id) must be passed by reference, value given in D:\OSPanel\domains\Diplom\system\library\googleshopping\googleshopping.php on line 583
2025-05-18 12:07:28 - PHP Warning:  googleshopping\Googleshopping::integer(): Argument #1 ($product_id) must be passed by reference, value given in D:\OSPanel\domains\Diplom\system\library\googleshopping\googleshopping.php on line 583
2025-05-18 12:07:28 - PHP Warning:  googleshopping\Googleshopping::integer(): Argument #1 ($product_id) must be passed by reference, value given in D:\OSPanel\domains\Diplom\system\library\googleshopping\googleshopping.php on line 583
2025-05-18 12:07:28 - PHP Warning:  googleshopping\Googleshopping::integer(): Argument #1 ($product_id) must be passed by reference, value given in D:\OSPanel\domains\Diplom\system\library\googleshopping\googleshopping.php on line 583
2025-05-18 12:07:28 - PHP Warning:  googleshopping\Googleshopping::integer(): Argument #1 ($product_id) must be passed by reference, value given in D:\OSPanel\domains\Diplom\system\library\googleshopping\googleshopping.php on line 583
2025-05-18 12:07:28 - PHP Warning:  googleshopping\Googleshopping::integer(): Argument #1 ($product_id) must be passed by reference, value given in D:\OSPanel\domains\Diplom\system\library\googleshopping\googleshopping.php on line 583
2025-05-18 12:07:28 - PHP Warning:  googleshopping\Googleshopping::integer(): Argument #1 ($product_id) must be passed by reference, value given in D:\OSPanel\domains\Diplom\system\library\googleshopping\googleshopping.php on line 583
2025-05-18 12:07:28 - PHP Warning:  googleshopping\Googleshopping::integer(): Argument #1 ($product_id) must be passed by reference, value given in D:\OSPanel\domains\Diplom\system\library\googleshopping\googleshopping.php on line 583
2025-05-18 12:07:28 - PHP Warning:  googleshopping\Googleshopping::integer(): Argument #1 ($product_id) must be passed by reference, value given in D:\OSPanel\domains\Diplom\system\library\googleshopping\googleshopping.php on line 583
2025-05-18 12:07:28 - PHP Warning:  googleshopping\Googleshopping::integer(): Argument #1 ($product_id) must be passed by reference, value given in D:\OSPanel\domains\Diplom\system\library\googleshopping\googleshopping.php on line 583
2025-05-18 12:07:28 - PHP Warning:  googleshopping\Googleshopping::integer(): Argument #1 ($product_id) must be passed by reference, value given in D:\OSPanel\domains\Diplom\system\library\googleshopping\googleshopping.php on line 583
2025-05-18 12:07:28 - PHP Warning:  googleshopping\Googleshopping::integer(): Argument #1 ($product_id) must be passed by reference, value given in D:\OSPanel\domains\Diplom\system\library\googleshopping\googleshopping.php on line 583
2025-05-18 12:07:28 - PHP Warning:  googleshopping\Googleshopping::integer(): Argument #1 ($product_id) must be passed by reference, value given in D:\OSPanel\domains\Diplom\system\library\googleshopping\googleshopping.php on line 583
2025-05-18 12:07:28 - PHP Warning:  googleshopping\Googleshopping::integer(): Argument #1 ($product_id) must be passed by reference, value given in D:\OSPanel\domains\Diplom\system\library\googleshopping\googleshopping.php on line 583
2025-05-18 12:07:28 - PHP Warning:  googleshopping\Googleshopping::integer(): Argument #1 ($product_id) must be passed by reference, value given in D:\OSPanel\domains\Diplom\system\library\googleshopping\googleshopping.php on line 583
2025-05-18 12:07:28 - PHP Warning:  googleshopping\Googleshopping::integer(): Argument #1 ($product_id) must be passed by reference, value given in D:\OSPanel\domains\Diplom\system\library\googleshopping\googleshopping.php on line 583
2025-05-18 12:07:28 - PHP Warning:  googleshopping\Googleshopping::integer(): Argument #1 ($product_id) must be passed by reference, value given in D:\OSPanel\domains\Diplom\system\library\googleshopping\googleshopping.php on line 583
2025-05-18 12:07:28 - PHP Warning:  googleshopping\Googleshopping::integer(): Argument #1 ($product_id) must be passed by reference, value given in D:\OSPanel\domains\Diplom\system\library\googleshopping\googleshopping.php on line 583
2025-05-18 12:07:28 - PHP Warning:  googleshopping\Googleshopping::integer(): Argument #1 ($product_id) must be passed by reference, value given in D:\OSPanel\domains\Diplom\system\library\googleshopping\googleshopping.php on line 583
2025-05-18 12:07:28 - PHP Warning:  googleshopping\Googleshopping::integer(): Argument #1 ($product_id) must be passed by reference, value given in D:\OSPanel\domains\Diplom\system\library\googleshopping\googleshopping.php on line 583
2025-05-18 12:07:28 - PHP Warning:  googleshopping\Googleshopping::integer(): Argument #1 ($product_id) must be passed by reference, value given in D:\OSPanel\domains\Diplom\system\library\googleshopping\googleshopping.php on line 583
2025-05-18 12:07:28 - PHP Warning:  googleshopping\Googleshopping::integer(): Argument #1 ($product_id) must be passed by reference, value given in D:\OSPanel\domains\Diplom\system\library\googleshopping\googleshopping.php on line 583
2025-05-18 12:07:28 - PHP Warning:  googleshopping\Googleshopping::integer(): Argument #1 ($product_id) must be passed by reference, value given in D:\OSPanel\domains\Diplom\system\library\googleshopping\googleshopping.php on line 583
2025-05-18 12:07:28 - PHP Warning:  googleshopping\Googleshopping::integer(): Argument #1 ($product_id) must be passed by reference, value given in D:\OSPanel\domains\Diplom\system\library\googleshopping\googleshopping.php on line 583
2025-05-18 12:07:28 - PHP Warning:  googleshopping\Googleshopping::integer(): Argument #1 ($product_id) must be passed by reference, value given in D:\OSPanel\domains\Diplom\system\library\googleshopping\googleshopping.php on line 583
2025-05-18 12:07:28 - PHP Warning:  googleshopping\Googleshopping::integer(): Argument #1 ($product_id) must be passed by reference, value given in D:\OSPanel\domains\Diplom\system\library\googleshopping\googleshopping.php on line 583
2025-05-18 12:07:28 - PHP Warning:  googleshopping\Googleshopping::integer(): Argument #1 ($product_id) must be passed by reference, value given in D:\OSPanel\domains\Diplom\system\library\googleshopping\googleshopping.php on line 583
2025-05-18 12:07:28 - PHP Warning:  googleshopping\Googleshopping::integer(): Argument #1 ($product_id) must be passed by reference, value given in D:\OSPanel\domains\Diplom\system\library\googleshopping\googleshopping.php on line 583
2025-05-18 12:07:28 - PHP Warning:  googleshopping\Googleshopping::integer(): Argument #1 ($product_id) must be passed by reference, value given in D:\OSPanel\domains\Diplom\system\library\googleshopping\googleshopping.php on line 583
2025-05-18 12:07:28 - PHP Warning:  googleshopping\Googleshopping::integer(): Argument #1 ($product_id) must be passed by reference, value given in D:\OSPanel\domains\Diplom\system\library\googleshopping\googleshopping.php on line 583
2025-05-18 12:07:28 - PHP Warning:  googleshopping\Googleshopping::integer(): Argument #1 ($product_id) must be passed by reference, value given in D:\OSPanel\domains\Diplom\system\library\googleshopping\googleshopping.php on line 583
2025-05-18 12:07:28 - PHP Warning:  googleshopping\Googleshopping::integer(): Argument #1 ($product_id) must be passed by reference, value given in D:\OSPanel\domains\Diplom\system\library\googleshopping\googleshopping.php on line 583
2025-05-18 12:07:28 - PHP Warning:  googleshopping\Googleshopping::integer(): Argument #1 ($product_id) must be passed by reference, value given in D:\OSPanel\domains\Diplom\system\library\googleshopping\googleshopping.php on line 583
2025-05-18 12:07:28 - PHP Warning:  googleshopping\Googleshopping::integer(): Argument #1 ($product_id) must be passed by reference, value given in D:\OSPanel\domains\Diplom\system\library\googleshopping\googleshopping.php on line 583
2025-05-18 12:07:28 - PHP Warning:  googleshopping\Googleshopping::integer(): Argument #1 ($product_id) must be passed by reference, value given in D:\OSPanel\domains\Diplom\system\library\googleshopping\googleshopping.php on line 583
2025-05-18 12:07:28 - PHP Warning:  googleshopping\Googleshopping::integer(): Argument #1 ($product_id) must be passed by reference, value given in D:\OSPanel\domains\Diplom\system\library\googleshopping\googleshopping.php on line 583
2025-05-18 12:07:28 - PHP Warning:  googleshopping\Googleshopping::integer(): Argument #1 ($product_id) must be passed by reference, value given in D:\OSPanel\domains\Diplom\system\library\googleshopping\googleshopping.php on line 583
2025-05-18 12:07:28 - PHP Warning:  googleshopping\Googleshopping::integer(): Argument #1 ($product_id) must be passed by reference, value given in D:\OSPanel\domains\Diplom\system\library\googleshopping\googleshopping.php on line 583
2025-05-18 12:07:28 - PHP Warning:  googleshopping\Googleshopping::integer(): Argument #1 ($product_id) must be passed by reference, value given in D:\OSPanel\domains\Diplom\system\library\googleshopping\googleshopping.php on line 583
2025-05-18 12:07:28 - PHP Warning:  googleshopping\Googleshopping::integer(): Argument #1 ($product_id) must be passed by reference, value given in D:\OSPanel\domains\Diplom\system\library\googleshopping\googleshopping.php on line 583
2025-05-18 12:07:28 - PHP Warning:  googleshopping\Googleshopping::integer(): Argument #1 ($product_id) must be passed by reference, value given in D:\OSPanel\domains\Diplom\system\library\googleshopping\googleshopping.php on line 583
2025-05-18 12:07:28 - PHP Warning:  Cannot modify header information - headers already sent by (output started at D:\OSPanel\domains\Diplom\admin\controller\startup\error.php:34) in D:\OSPanel\domains\Diplom\system\library\response.php on line 36
2025-05-18 12:07:31 - PHP Unknown:  Required parameter $store_id follows optional parameter $product_ids in D:\OSPanel\domains\Diplom\admin\model\extension\advertise\google.php on line 341
2025-05-18 12:07:31 - PHP Unknown:  Required parameter $store_id follows optional parameter $data in D:\OSPanel\domains\Diplom\admin\model\extension\advertise\google.php on line 413
2025-05-18 12:07:31 - PHP Warning:  googleshopping\Googleshopping::integer(): Argument #1 ($product_id) must be passed by reference, value given in D:\OSPanel\domains\Diplom\system\library\googleshopping\googleshopping.php on line 583
2025-05-18 12:07:31 - PHP Warning:  googleshopping\Googleshopping::integer(): Argument #1 ($product_id) must be passed by reference, value given in D:\OSPanel\domains\Diplom\system\library\googleshopping\googleshopping.php on line 583
2025-05-18 12:07:31 - PHP Warning:  googleshopping\Googleshopping::integer(): Argument #1 ($product_id) must be passed by reference, value given in D:\OSPanel\domains\Diplom\system\library\googleshopping\googleshopping.php on line 583
2025-05-18 12:07:31 - PHP Warning:  googleshopping\Googleshopping::integer(): Argument #1 ($product_id) must be passed by reference, value given in D:\OSPanel\domains\Diplom\system\library\googleshopping\googleshopping.php on line 583
2025-05-18 12:07:31 - PHP Warning:  googleshopping\Googleshopping::integer(): Argument #1 ($product_id) must be passed by reference, value given in D:\OSPanel\domains\Diplom\system\library\googleshopping\googleshopping.php on line 583
2025-05-18 12:07:31 - PHP Warning:  googleshopping\Googleshopping::integer(): Argument #1 ($product_id) must be passed by reference, value given in D:\OSPanel\domains\Diplom\system\library\googleshopping\googleshopping.php on line 583
2025-05-18 12:07:31 - PHP Warning:  googleshopping\Googleshopping::integer(): Argument #1 ($product_id) must be passed by reference, value given in D:\OSPanel\domains\Diplom\system\library\googleshopping\googleshopping.php on line 583
2025-05-18 12:07:31 - PHP Warning:  googleshopping\Googleshopping::integer(): Argument #1 ($product_id) must be passed by reference, value given in D:\OSPanel\domains\Diplom\system\library\googleshopping\googleshopping.php on line 583
2025-05-18 12:07:31 - PHP Warning:  googleshopping\Googleshopping::integer(): Argument #1 ($product_id) must be passed by reference, value given in D:\OSPanel\domains\Diplom\system\library\googleshopping\googleshopping.php on line 583
2025-05-18 12:07:31 - PHP Warning:  googleshopping\Googleshopping::integer(): Argument #1 ($product_id) must be passed by reference, value given in D:\OSPanel\domains\Diplom\system\library\googleshopping\googleshopping.php on line 583
2025-05-18 12:07:31 - PHP Warning:  googleshopping\Googleshopping::integer(): Argument #1 ($product_id) must be passed by reference, value given in D:\OSPanel\domains\Diplom\system\library\googleshopping\googleshopping.php on line 583
2025-05-18 12:07:31 - PHP Warning:  googleshopping\Googleshopping::integer(): Argument #1 ($product_id) must be passed by reference, value given in D:\OSPanel\domains\Diplom\system\library\googleshopping\googleshopping.php on line 583
2025-05-18 12:07:31 - PHP Warning:  googleshopping\Googleshopping::integer(): Argument #1 ($product_id) must be passed by reference, value given in D:\OSPanel\domains\Diplom\system\library\googleshopping\googleshopping.php on line 583
2025-05-18 12:07:31 - PHP Warning:  googleshopping\Googleshopping::integer(): Argument #1 ($product_id) must be passed by reference, value given in D:\OSPanel\domains\Diplom\system\library\googleshopping\googleshopping.php on line 583
2025-05-18 12:07:31 - PHP Warning:  googleshopping\Googleshopping::integer(): Argument #1 ($product_id) must be passed by reference, value given in D:\OSPanel\domains\Diplom\system\library\googleshopping\googleshopping.php on line 583
2025-05-18 12:07:31 - PHP Warning:  googleshopping\Googleshopping::integer(): Argument #1 ($product_id) must be passed by reference, value given in D:\OSPanel\domains\Diplom\system\library\googleshopping\googleshopping.php on line 583
2025-05-18 12:07:31 - PHP Warning:  googleshopping\Googleshopping::integer(): Argument #1 ($product_id) must be passed by reference, value given in D:\OSPanel\domains\Diplom\system\library\googleshopping\googleshopping.php on line 583
2025-05-18 12:07:31 - PHP Warning:  googleshopping\Googleshopping::integer(): Argument #1 ($product_id) must be passed by reference, value given in D:\OSPanel\domains\Diplom\system\library\googleshopping\googleshopping.php on line 583
2025-05-18 12:07:31 - PHP Warning:  googleshopping\Googleshopping::integer(): Argument #1 ($product_id) must be passed by reference, value given in D:\OSPanel\domains\Diplom\system\library\googleshopping\googleshopping.php on line 583
2025-05-18 12:07:31 - PHP Warning:  googleshopping\Googleshopping::integer(): Argument #1 ($product_id) must be passed by reference, value given in D:\OSPanel\domains\Diplom\system\library\googleshopping\googleshopping.php on line 583
2025-05-18 12:07:31 - PHP Warning:  googleshopping\Googleshopping::integer(): Argument #1 ($product_id) must be passed by reference, value given in D:\OSPanel\domains\Diplom\system\library\googleshopping\googleshopping.php on line 583
2025-05-18 12:07:31 - PHP Warning:  googleshopping\Googleshopping::integer(): Argument #1 ($product_id) must be passed by reference, value given in D:\OSPanel\domains\Diplom\system\library\googleshopping\googleshopping.php on line 583
2025-05-18 12:07:31 - PHP Warning:  googleshopping\Googleshopping::integer(): Argument #1 ($product_id) must be passed by reference, value given in D:\OSPanel\domains\Diplom\system\library\googleshopping\googleshopping.php on line 583
2025-05-18 12:07:31 - PHP Warning:  googleshopping\Googleshopping::integer(): Argument #1 ($product_id) must be passed by reference, value given in D:\OSPanel\domains\Diplom\system\library\googleshopping\googleshopping.php on line 583
2025-05-18 12:07:31 - PHP Warning:  googleshopping\Googleshopping::integer(): Argument #1 ($product_id) must be passed by reference, value given in D:\OSPanel\domains\Diplom\system\library\googleshopping\googleshopping.php on line 583
2025-05-18 12:07:31 - PHP Warning:  googleshopping\Googleshopping::integer(): Argument #1 ($product_id) must be passed by reference, value given in D:\OSPanel\domains\Diplom\system\library\googleshopping\googleshopping.php on line 583
2025-05-18 12:07:31 - PHP Warning:  googleshopping\Googleshopping::integer(): Argument #1 ($product_id) must be passed by reference, value given in D:\OSPanel\domains\Diplom\system\library\googleshopping\googleshopping.php on line 583
2025-05-18 12:07:31 - PHP Warning:  googleshopping\Googleshopping::integer(): Argument #1 ($product_id) must be passed by reference, value given in D:\OSPanel\domains\Diplom\system\library\googleshopping\googleshopping.php on line 583
2025-05-18 12:07:31 - PHP Warning:  googleshopping\Googleshopping::integer(): Argument #1 ($product_id) must be passed by reference, value given in D:\OSPanel\domains\Diplom\system\library\googleshopping\googleshopping.php on line 583
2025-05-18 12:07:31 - PHP Warning:  googleshopping\Googleshopping::integer(): Argument #1 ($product_id) must be passed by reference, value given in D:\OSPanel\domains\Diplom\system\library\googleshopping\googleshopping.php on line 583
2025-05-18 12:07:31 - PHP Warning:  googleshopping\Googleshopping::integer(): Argument #1 ($product_id) must be passed by reference, value given in D:\OSPanel\domains\Diplom\system\library\googleshopping\googleshopping.php on line 583
2025-05-18 12:07:31 - PHP Warning:  googleshopping\Googleshopping::integer(): Argument #1 ($product_id) must be passed by reference, value given in D:\OSPanel\domains\Diplom\system\library\googleshopping\googleshopping.php on line 583
2025-05-18 12:07:31 - PHP Warning:  googleshopping\Googleshopping::integer(): Argument #1 ($product_id) must be passed by reference, value given in D:\OSPanel\domains\Diplom\system\library\googleshopping\googleshopping.php on line 583
2025-05-18 12:07:31 - PHP Warning:  googleshopping\Googleshopping::integer(): Argument #1 ($product_id) must be passed by reference, value given in D:\OSPanel\domains\Diplom\system\library\googleshopping\googleshopping.php on line 583
2025-05-18 12:07:31 - PHP Warning:  googleshopping\Googleshopping::integer(): Argument #1 ($product_id) must be passed by reference, value given in D:\OSPanel\domains\Diplom\system\library\googleshopping\googleshopping.php on line 583
2025-05-18 12:07:31 - PHP Warning:  googleshopping\Googleshopping::integer(): Argument #1 ($product_id) must be passed by reference, value given in D:\OSPanel\domains\Diplom\system\library\googleshopping\googleshopping.php on line 583
2025-05-18 12:07:31 - PHP Warning:  googleshopping\Googleshopping::integer(): Argument #1 ($product_id) must be passed by reference, value given in D:\OSPanel\domains\Diplom\system\library\googleshopping\googleshopping.php on line 583
2025-05-18 12:07:31 - PHP Warning:  googleshopping\Googleshopping::integer(): Argument #1 ($product_id) must be passed by reference, value given in D:\OSPanel\domains\Diplom\system\library\googleshopping\googleshopping.php on line 583
2025-05-18 12:07:31 - PHP Warning:  googleshopping\Googleshopping::integer(): Argument #1 ($product_id) must be passed by reference, value given in D:\OSPanel\domains\Diplom\system\library\googleshopping\googleshopping.php on line 583
2025-05-18 12:07:31 - PHP Warning:  googleshopping\Googleshopping::integer(): Argument #1 ($product_id) must be passed by reference, value given in D:\OSPanel\domains\Diplom\system\library\googleshopping\googleshopping.php on line 583
2025-05-18 12:07:31 - PHP Warning:  googleshopping\Googleshopping::integer(): Argument #1 ($product_id) must be passed by reference, value given in D:\OSPanel\domains\Diplom\system\library\googleshopping\googleshopping.php on line 583
2025-05-18 12:07:31 - PHP Warning:  googleshopping\Googleshopping::integer(): Argument #1 ($product_id) must be passed by reference, value given in D:\OSPanel\domains\Diplom\system\library\googleshopping\googleshopping.php on line 583
2025-05-18 12:07:31 - PHP Warning:  Cannot modify header information - headers already sent by (output started at D:\OSPanel\domains\Diplom\admin\controller\startup\error.php:34) in D:\OSPanel\domains\Diplom\system\library\response.php on line 36
2025-05-18 12:24:41 - PHP Warning:  rename(D:\OSPanel\domains\Diplom\system\storage\cache\template\ef\efbD5D.tmp,D:/OSPanel/domains/Diplom/system/storage/cache/template/ef/efb42640c21406c99093354957227474937d00f3320f70d2d97a8b90afc3083a.php): Отказано в доступе (code: 5) in D:\OSPanel\domains\Diplom\system\storage\vendor\twig\twig\src\Cache\FilesystemCache.php on line 65
2025-05-18 12:24:41 - PHP Warning:  rename(D:\OSPanel\domains\Diplom\system\storage\cache\template\ef\efbD5B.tmp,D:/OSPanel/domains/Diplom/system/storage/cache/template/ef/efb42640c21406c99093354957227474937d00f3320f70d2d97a8b90afc3083a.php): Отказано в доступе (code: 5) in D:\OSPanel\domains\Diplom\system\storage\vendor\twig\twig\src\Cache\FilesystemCache.php on line 65
2025-05-18 13:47:17 - PHP Warning:  imagecreatefrompng(): gd-png: libpng warning: iCCP: known incorrect sRGB profile in D:\OSPanel\domains\Diplom\system\library\image.php on line 45
2025-05-18 13:55:00 - PHP Unknown:  Required parameter $store_id follows optional parameter $product_ids in D:\OSPanel\domains\Diplom\admin\model\extension\advertise\google.php on line 341
2025-05-18 13:55:00 - PHP Unknown:  Required parameter $store_id follows optional parameter $data in D:\OSPanel\domains\Diplom\admin\model\extension\advertise\google.php on line 413
2025-05-18 13:55:00 - PHP Warning:  googleshopping\Googleshopping::integer(): Argument #1 ($product_id) must be passed by reference, value given in D:\OSPanel\domains\Diplom\system\library\googleshopping\googleshopping.php on line 583
